c:\users\jsiek\desktop\studia\praca_inzynierska\glfw-3.4\build\examples\heightmap.dir\debug\vc143.pdb
c:\users\jsiek\desktop\studia\praca_inzynierska\glfw-3.4\build\examples\heightmap.dir\debug\heightmap.obj
c:\users\jsiek\desktop\studia\praca_inzynierska\glfw-3.4\build\examples\cmakefiles\generate.stamp
c:\users\jsiek\desktop\studia\praca_inzynierska\glfw-3.4\build\examples\heightmap.dir\debug\heightmap.ilk
c:\users\jsiek\desktop\studia\praca_inzynierska\glfw-3.4\build\examples\debug\heightmap.exe
c:\users\jsiek\desktop\studia\praca_inzynierska\glfw-3.4\build\examples\debug\heightmap.pdb
c:\users\jsiek\desktop\studia\praca_inzynierska\glfw-3.4\build\examples\heightmap.dir\debug\glfw.res
c:\users\jsiek\desktop\studia\praca_inzynierska\glfw-3.4\build\examples\heightmap.dir\debug\heightmap.tlog\cl.command.1.tlog
c:\users\jsiek\desktop\studia\praca_inzynierska\glfw-3.4\build\examples\heightmap.dir\debug\heightmap.tlog\cl.items.tlog
c:\users\jsiek\desktop\studia\praca_inzynierska\glfw-3.4\build\examples\heightmap.dir\debug\heightmap.tlog\cl.read.1.tlog
c:\users\jsiek\desktop\studia\praca_inzynierska\glfw-3.4\build\examples\heightmap.dir\debug\heightmap.tlog\cl.write.1.tlog
c:\users\jsiek\desktop\studia\praca_inzynierska\glfw-3.4\build\examples\heightmap.dir\debug\heightmap.tlog\custombuild.command.1.tlog
c:\users\jsiek\desktop\studia\praca_inzynierska\glfw-3.4\build\examples\heightmap.dir\debug\heightmap.tlog\custombuild.read.1.tlog
c:\users\jsiek\desktop\studia\praca_inzynierska\glfw-3.4\build\examples\heightmap.dir\debug\heightmap.tlog\custombuild.write.1.tlog
c:\users\jsiek\desktop\studia\praca_inzynierska\glfw-3.4\build\examples\heightmap.dir\debug\heightmap.tlog\link.command.1.tlog
c:\users\jsiek\desktop\studia\praca_inzynierska\glfw-3.4\build\examples\heightmap.dir\debug\heightmap.tlog\link.read.1.tlog
c:\users\jsiek\desktop\studia\praca_inzynierska\glfw-3.4\build\examples\heightmap.dir\debug\heightmap.tlog\link.write.1.tlog
c:\users\jsiek\desktop\studia\praca_inzynierska\glfw-3.4\build\examples\heightmap.dir\debug\heightmap.tlog\rc.command.1.tlog
c:\users\jsiek\desktop\studia\praca_inzynierska\glfw-3.4\build\examples\heightmap.dir\debug\heightmap.tlog\rc.read.1.tlog
c:\users\jsiek\desktop\studia\praca_inzynierska\glfw-3.4\build\examples\heightmap.dir\debug\heightmap.tlog\rc.write.1.tlog
