c:\users\jsiek\desktop\studia\praca_inzynierska\glfw-3.4\build\examples\particles.dir\debug\vc143.pdb
c:\users\jsiek\desktop\studia\praca_inzynierska\glfw-3.4\build\examples\particles.dir\debug\getopt.obj
c:\users\jsiek\desktop\studia\praca_inzynierska\glfw-3.4\build\examples\particles.dir\debug\tinycthread.obj
c:\users\jsiek\desktop\studia\praca_inzynierska\glfw-3.4\build\examples\particles.dir\debug\particles.obj
c:\users\jsiek\desktop\studia\praca_inzynierska\glfw-3.4\build\examples\cmakefiles\generate.stamp
c:\users\jsiek\desktop\studia\praca_inzynierska\glfw-3.4\build\examples\particles.dir\debug\particles.ilk
c:\users\jsiek\desktop\studia\praca_inzynierska\glfw-3.4\build\examples\debug\particles.exe
c:\users\jsiek\desktop\studia\praca_inzynierska\glfw-3.4\build\examples\debug\particles.pdb
c:\users\jsiek\desktop\studia\praca_inzynierska\glfw-3.4\build\examples\particles.dir\debug\glfw.res
c:\users\jsiek\desktop\studia\praca_inzynierska\glfw-3.4\build\examples\particles.dir\debug\particles.tlog\cl.command.1.tlog
c:\users\jsiek\desktop\studia\praca_inzynierska\glfw-3.4\build\examples\particles.dir\debug\particles.tlog\cl.items.tlog
c:\users\jsiek\desktop\studia\praca_inzynierska\glfw-3.4\build\examples\particles.dir\debug\particles.tlog\cl.read.1.tlog
c:\users\jsiek\desktop\studia\praca_inzynierska\glfw-3.4\build\examples\particles.dir\debug\particles.tlog\cl.write.1.tlog
c:\users\jsiek\desktop\studia\praca_inzynierska\glfw-3.4\build\examples\particles.dir\debug\particles.tlog\custombuild.command.1.tlog
c:\users\jsiek\desktop\studia\praca_inzynierska\glfw-3.4\build\examples\particles.dir\debug\particles.tlog\custombuild.read.1.tlog
c:\users\jsiek\desktop\studia\praca_inzynierska\glfw-3.4\build\examples\particles.dir\debug\particles.tlog\custombuild.write.1.tlog
c:\users\jsiek\desktop\studia\praca_inzynierska\glfw-3.4\build\examples\particles.dir\debug\particles.tlog\link.command.1.tlog
c:\users\jsiek\desktop\studia\praca_inzynierska\glfw-3.4\build\examples\particles.dir\debug\particles.tlog\link.read.1.tlog
c:\users\jsiek\desktop\studia\praca_inzynierska\glfw-3.4\build\examples\particles.dir\debug\particles.tlog\link.write.1.tlog
c:\users\jsiek\desktop\studia\praca_inzynierska\glfw-3.4\build\examples\particles.dir\debug\particles.tlog\rc.command.1.tlog
c:\users\jsiek\desktop\studia\praca_inzynierska\glfw-3.4\build\examples\particles.dir\debug\particles.tlog\rc.read.1.tlog
c:\users\jsiek\desktop\studia\praca_inzynierska\glfw-3.4\build\examples\particles.dir\debug\particles.tlog\rc.write.1.tlog
