c:\users\jsiek\desktop\studia\praca_inzynierska\glfw-3.4\build\examples\boing.dir\debug\vc143.pdb
c:\users\jsiek\desktop\studia\praca_inzynierska\glfw-3.4\build\examples\boing.dir\debug\boing.obj
c:\users\jsiek\desktop\studia\praca_inzynierska\glfw-3.4\build\examples\cmakefiles\generate.stamp
c:\users\jsiek\desktop\studia\praca_inzynierska\glfw-3.4\build\examples\boing.dir\debug\boing.ilk
c:\users\jsiek\desktop\studia\praca_inzynierska\glfw-3.4\build\examples\debug\boing.exe
c:\users\jsiek\desktop\studia\praca_inzynierska\glfw-3.4\build\examples\debug\boing.pdb
c:\users\jsiek\desktop\studia\praca_inzynierska\glfw-3.4\build\examples\boing.dir\debug\glfw.res
c:\users\jsiek\desktop\studia\praca_inzynierska\glfw-3.4\build\examples\boing.dir\debug\boing.tlog\cl.command.1.tlog
c:\users\jsiek\desktop\studia\praca_inzynierska\glfw-3.4\build\examples\boing.dir\debug\boing.tlog\cl.items.tlog
c:\users\jsiek\desktop\studia\praca_inzynierska\glfw-3.4\build\examples\boing.dir\debug\boing.tlog\cl.read.1.tlog
c:\users\jsiek\desktop\studia\praca_inzynierska\glfw-3.4\build\examples\boing.dir\debug\boing.tlog\cl.write.1.tlog
c:\users\jsiek\desktop\studia\praca_inzynierska\glfw-3.4\build\examples\boing.dir\debug\boing.tlog\custombuild.command.1.tlog
c:\users\jsiek\desktop\studia\praca_inzynierska\glfw-3.4\build\examples\boing.dir\debug\boing.tlog\custombuild.read.1.tlog
c:\users\jsiek\desktop\studia\praca_inzynierska\glfw-3.4\build\examples\boing.dir\debug\boing.tlog\custombuild.write.1.tlog
c:\users\jsiek\desktop\studia\praca_inzynierska\glfw-3.4\build\examples\boing.dir\debug\boing.tlog\link.command.1.tlog
c:\users\jsiek\desktop\studia\praca_inzynierska\glfw-3.4\build\examples\boing.dir\debug\boing.tlog\link.read.1.tlog
c:\users\jsiek\desktop\studia\praca_inzynierska\glfw-3.4\build\examples\boing.dir\debug\boing.tlog\link.write.1.tlog
c:\users\jsiek\desktop\studia\praca_inzynierska\glfw-3.4\build\examples\boing.dir\debug\boing.tlog\rc.command.1.tlog
c:\users\jsiek\desktop\studia\praca_inzynierska\glfw-3.4\build\examples\boing.dir\debug\boing.tlog\rc.read.1.tlog
c:\users\jsiek\desktop\studia\praca_inzynierska\glfw-3.4\build\examples\boing.dir\debug\boing.tlog\rc.write.1.tlog
