c:\users\jsiek\desktop\studia\praca_inzynierska\glfw-3.4\build\examples\triangle-opengl.dir\debug\vc143.pdb
c:\users\jsiek\desktop\studia\praca_inzynierska\glfw-3.4\build\examples\triangle-opengl.dir\debug\triangle-opengl.obj
c:\users\jsiek\desktop\studia\praca_inzynierska\glfw-3.4\build\examples\cmakefiles\generate.stamp
c:\users\jsiek\desktop\studia\praca_inzynierska\glfw-3.4\build\examples\triangle-opengl.dir\debug\triangle-opengl.ilk
c:\users\jsiek\desktop\studia\praca_inzynierska\glfw-3.4\build\examples\debug\triangle-opengl.exe
c:\users\jsiek\desktop\studia\praca_inzynierska\glfw-3.4\build\examples\debug\triangle-opengl.pdb
c:\users\jsiek\desktop\studia\praca_inzynierska\glfw-3.4\build\examples\triangle-opengl.dir\debug\glfw.res
c:\users\jsiek\desktop\studia\praca_inzynierska\glfw-3.4\build\examples\triangle-opengl.dir\debug\triangle-opengl.tlog\cl.command.1.tlog
c:\users\jsiek\desktop\studia\praca_inzynierska\glfw-3.4\build\examples\triangle-opengl.dir\debug\triangle-opengl.tlog\cl.items.tlog
c:\users\jsiek\desktop\studia\praca_inzynierska\glfw-3.4\build\examples\triangle-opengl.dir\debug\triangle-opengl.tlog\cl.read.1.tlog
c:\users\jsiek\desktop\studia\praca_inzynierska\glfw-3.4\build\examples\triangle-opengl.dir\debug\triangle-opengl.tlog\cl.write.1.tlog
c:\users\jsiek\desktop\studia\praca_inzynierska\glfw-3.4\build\examples\triangle-opengl.dir\debug\triangle-opengl.tlog\custombuild.command.1.tlog
c:\users\jsiek\desktop\studia\praca_inzynierska\glfw-3.4\build\examples\triangle-opengl.dir\debug\triangle-opengl.tlog\custombuild.read.1.tlog
c:\users\jsiek\desktop\studia\praca_inzynierska\glfw-3.4\build\examples\triangle-opengl.dir\debug\triangle-opengl.tlog\custombuild.write.1.tlog
c:\users\jsiek\desktop\studia\praca_inzynierska\glfw-3.4\build\examples\triangle-opengl.dir\debug\triangle-opengl.tlog\link.command.1.tlog
c:\users\jsiek\desktop\studia\praca_inzynierska\glfw-3.4\build\examples\triangle-opengl.dir\debug\triangle-opengl.tlog\link.read.1.tlog
c:\users\jsiek\desktop\studia\praca_inzynierska\glfw-3.4\build\examples\triangle-opengl.dir\debug\triangle-opengl.tlog\link.write.1.tlog
c:\users\jsiek\desktop\studia\praca_inzynierska\glfw-3.4\build\examples\triangle-opengl.dir\debug\triangle-opengl.tlog\rc.command.1.tlog
c:\users\jsiek\desktop\studia\praca_inzynierska\glfw-3.4\build\examples\triangle-opengl.dir\debug\triangle-opengl.tlog\rc.read.1.tlog
c:\users\jsiek\desktop\studia\praca_inzynierska\glfw-3.4\build\examples\triangle-opengl.dir\debug\triangle-opengl.tlog\rc.write.1.tlog
