c:\users\jsiek\desktop\studia\praca_inzynierska\engineer_paper\x64\debug\vc143.pdb
c:\users\jsiek\desktop\studia\praca_inzynierska\engineer_paper\x64\debug\vc143.idb
c:\users\jsiek\desktop\studia\praca_inzynierska\engineer_paper\x64\debug\main.obj
c:\users\jsiek\desktop\studia\praca_inzynierska\engineer_paper\x64\debug\shader.obj
c:\users\jsiek\desktop\studia\praca_inzynierska\engineer_paper\x64\debug\object3d.obj
c:\users\jsiek\desktop\studia\praca_inzynierska\engineer_paper\x64\debug\camera.obj
c:\users\jsiek\desktop\studia\praca_inzynierska\engineer_paper\x64\debug\simulation.obj
c:\users\jsiek\desktop\studia\praca_inzynierska\engineer_paper\x64\debug\glad.obj
c:\users\jsiek\desktop\studia\praca_inzynierska\engineer_paper\x64\debug\simulate.cu.obj
c:\users\jsiek\desktop\studia\praca_inzynierska\engineer_paper\x64\debug\engineer_paper.exe
c:\users\jsiek\desktop\studia\praca_inzynierska\engineer_paper\x64\debug\engineer_paper.ilk
c:\users\jsiek\desktop\studia\praca_inzynierska\engineer_paper\x64\debug\engineer_paper.pdb
c:\users\jsiek\desktop\studia\praca_inzynierska\engineer_paper\x64\debug\simulate.cu.cache
c:\users\jsiek\desktop\studia\praca_inzynierska\engineer_paper\x64\debug\engineer_paper.tlog\cl.command.1.tlog
c:\users\jsiek\desktop\studia\praca_inzynierska\engineer_paper\x64\debug\engineer_paper.tlog\cl.items.tlog
c:\users\jsiek\desktop\studia\praca_inzynierska\engineer_paper\x64\debug\engineer_paper.tlog\cl.read.1.tlog
c:\users\jsiek\desktop\studia\praca_inzynierska\engineer_paper\x64\debug\engineer_paper.tlog\cl.write.1.tlog
c:\users\jsiek\desktop\studia\praca_inzynierska\engineer_paper\x64\debug\engineer_paper.tlog\cudacompile.read.1u.tlog
c:\users\jsiek\desktop\studia\praca_inzynierska\engineer_paper\x64\debug\engineer_paper.tlog\cudacompile.write.1u.tlog
c:\users\jsiek\desktop\studia\praca_inzynierska\engineer_paper\x64\debug\engineer_paper.tlog\link.command.1.tlog
c:\users\jsiek\desktop\studia\praca_inzynierska\engineer_paper\x64\debug\engineer_paper.tlog\link.read.1.tlog
c:\users\jsiek\desktop\studia\praca_inzynierska\engineer_paper\x64\debug\engineer_paper.tlog\link.write.1.tlog
