c:\users\jsiek\desktop\studia\praca_inzynierska\glfw-3.4\build\examples\triangle-opengles.dir\debug\vc143.pdb
c:\users\jsiek\desktop\studia\praca_inzynierska\glfw-3.4\build\examples\triangle-opengles.dir\debug\triangle-opengles.obj
c:\users\jsiek\desktop\studia\praca_inzynierska\glfw-3.4\build\examples\cmakefiles\generate.stamp
c:\users\jsiek\desktop\studia\praca_inzynierska\glfw-3.4\build\examples\triangle-opengles.dir\debug\triangle-opengles.ilk
c:\users\jsiek\desktop\studia\praca_inzynierska\glfw-3.4\build\examples\debug\triangle-opengles.exe
c:\users\jsiek\desktop\studia\praca_inzynierska\glfw-3.4\build\examples\debug\triangle-opengles.pdb
c:\users\jsiek\desktop\studia\praca_inzynierska\glfw-3.4\build\examples\triangle-opengles.dir\debug\glfw.res
c:\users\jsiek\desktop\studia\praca_inzynierska\glfw-3.4\build\examples\triangle-opengles.dir\debug\triangle.49e9875b.tlog\cl.command.1.tlog
c:\users\jsiek\desktop\studia\praca_inzynierska\glfw-3.4\build\examples\triangle-opengles.dir\debug\triangle.49e9875b.tlog\cl.items.tlog
c:\users\jsiek\desktop\studia\praca_inzynierska\glfw-3.4\build\examples\triangle-opengles.dir\debug\triangle.49e9875b.tlog\cl.read.1.tlog
c:\users\jsiek\desktop\studia\praca_inzynierska\glfw-3.4\build\examples\triangle-opengles.dir\debug\triangle.49e9875b.tlog\cl.write.1.tlog
c:\users\jsiek\desktop\studia\praca_inzynierska\glfw-3.4\build\examples\triangle-opengles.dir\debug\triangle.49e9875b.tlog\custombuild.command.1.tlog
c:\users\jsiek\desktop\studia\praca_inzynierska\glfw-3.4\build\examples\triangle-opengles.dir\debug\triangle.49e9875b.tlog\custombuild.read.1.tlog
c:\users\jsiek\desktop\studia\praca_inzynierska\glfw-3.4\build\examples\triangle-opengles.dir\debug\triangle.49e9875b.tlog\custombuild.write.1.tlog
c:\users\jsiek\desktop\studia\praca_inzynierska\glfw-3.4\build\examples\triangle-opengles.dir\debug\triangle.49e9875b.tlog\link.command.1.tlog
c:\users\jsiek\desktop\studia\praca_inzynierska\glfw-3.4\build\examples\triangle-opengles.dir\debug\triangle.49e9875b.tlog\link.read.1.tlog
c:\users\jsiek\desktop\studia\praca_inzynierska\glfw-3.4\build\examples\triangle-opengles.dir\debug\triangle.49e9875b.tlog\link.write.1.tlog
c:\users\jsiek\desktop\studia\praca_inzynierska\glfw-3.4\build\examples\triangle-opengles.dir\debug\triangle.49e9875b.tlog\rc.command.1.tlog
c:\users\jsiek\desktop\studia\praca_inzynierska\glfw-3.4\build\examples\triangle-opengles.dir\debug\triangle.49e9875b.tlog\rc.read.1.tlog
c:\users\jsiek\desktop\studia\praca_inzynierska\glfw-3.4\build\examples\triangle-opengles.dir\debug\triangle.49e9875b.tlog\rc.write.1.tlog
