c:\users\jsiek\desktop\studia\praca_inzynierska\glfw-3.4\build\examples\offscreen.dir\debug\vc143.pdb
c:\users\jsiek\desktop\studia\praca_inzynierska\glfw-3.4\build\examples\offscreen.dir\debug\offscreen.obj
c:\users\jsiek\desktop\studia\praca_inzynierska\glfw-3.4\build\examples\cmakefiles\generate.stamp
c:\users\jsiek\desktop\studia\praca_inzynierska\glfw-3.4\build\examples\offscreen.dir\debug\offscreen.ilk
c:\users\jsiek\desktop\studia\praca_inzynierska\glfw-3.4\build\examples\debug\offscreen.exe
c:\users\jsiek\desktop\studia\praca_inzynierska\glfw-3.4\build\examples\debug\offscreen.pdb
c:\users\jsiek\desktop\studia\praca_inzynierska\glfw-3.4\build\examples\offscreen.dir\debug\glfw.res
c:\users\jsiek\desktop\studia\praca_inzynierska\glfw-3.4\build\examples\offscreen.dir\debug\offscreen.tlog\cl.command.1.tlog
c:\users\jsiek\desktop\studia\praca_inzynierska\glfw-3.4\build\examples\offscreen.dir\debug\offscreen.tlog\cl.items.tlog
c:\users\jsiek\desktop\studia\praca_inzynierska\glfw-3.4\build\examples\offscreen.dir\debug\offscreen.tlog\cl.read.1.tlog
c:\users\jsiek\desktop\studia\praca_inzynierska\glfw-3.4\build\examples\offscreen.dir\debug\offscreen.tlog\cl.write.1.tlog
c:\users\jsiek\desktop\studia\praca_inzynierska\glfw-3.4\build\examples\offscreen.dir\debug\offscreen.tlog\custombuild.command.1.tlog
c:\users\jsiek\desktop\studia\praca_inzynierska\glfw-3.4\build\examples\offscreen.dir\debug\offscreen.tlog\custombuild.read.1.tlog
c:\users\jsiek\desktop\studia\praca_inzynierska\glfw-3.4\build\examples\offscreen.dir\debug\offscreen.tlog\custombuild.write.1.tlog
c:\users\jsiek\desktop\studia\praca_inzynierska\glfw-3.4\build\examples\offscreen.dir\debug\offscreen.tlog\link.command.1.tlog
c:\users\jsiek\desktop\studia\praca_inzynierska\glfw-3.4\build\examples\offscreen.dir\debug\offscreen.tlog\link.read.1.tlog
c:\users\jsiek\desktop\studia\praca_inzynierska\glfw-3.4\build\examples\offscreen.dir\debug\offscreen.tlog\link.write.1.tlog
c:\users\jsiek\desktop\studia\praca_inzynierska\glfw-3.4\build\examples\offscreen.dir\debug\offscreen.tlog\rc.command.1.tlog
c:\users\jsiek\desktop\studia\praca_inzynierska\glfw-3.4\build\examples\offscreen.dir\debug\offscreen.tlog\rc.read.1.tlog
c:\users\jsiek\desktop\studia\praca_inzynierska\glfw-3.4\build\examples\offscreen.dir\debug\offscreen.tlog\rc.write.1.tlog
